Using pre-set license

 COMMAND LINE ARGUMENTS:
/Applications/Unity/Hub/Editor/2020.3.10f1/Unity.app/Contents/MacOS/Unity
-adb2
-batchMode
-noUpm
-name
AssetImportWorker0
-projectPath
/Users/brandonwylie/workspace/unity/Programming-Theory-Repo/Programming Theory Project
-logFile
Logs/AssetImportWorker0.log
-srvPort
53579
Successfully changed project path to: /Users/brandonwylie/workspace/unity/Programming-Theory-Repo/Programming Theory Project
/Users/brandonwylie/workspace/unity/Programming-Theory-Repo/Programming Theory Project
Using Asset Import Pipeline V2.
Refreshing native plugins compatible for Editor in 20.82 ms, found 2 plugins.
Preloading 0 native plugins for Editor in 0.00 ms.
Initialize engine version: 2020.3.10f1 (297d780c91bc)
[Subsystems] Discovering subsystems at path /Applications/Unity/Hub/Editor/2020.3.10f1/Unity.app/Contents/Resources/UnitySubsystems
[Subsystems] Discovering subsystems at path /Users/brandonwylie/workspace/unity/Programming-Theory-Repo/Programming Theory Project/Assets
GfxDevice: creating device client; threaded=0
2021-06-09 17:47:26.919 Unity[3820:264540] iMac preferred device: AMD Radeon Pro 5700 XT (high power)
2021-06-09 17:47:26.919 Unity[3820:264540] Metal devices available: 1
2021-06-09 17:47:26.919 Unity[3820:264540] 0: AMD Radeon Pro 5700 XT (high power)
2021-06-09 17:47:26.919 Unity[3820:264540] Using device AMD Radeon Pro 5700 XT (high power)
Initializing Metal device caps: AMD Radeon Pro 5700 XT
Initialize mono
Mono path[0] = '/Applications/Unity/Hub/Editor/2020.3.10f1/Unity.app/Contents/Managed'
Mono path[1] = '/Applications/Unity/Hub/Editor/2020.3.10f1/Unity.app/Contents/MonoBleedingEdge/lib/mono/unityjit'
Mono config path = '/Applications/Unity/Hub/Editor/2020.3.10f1/Unity.app/Contents/MonoBleedingEdge/etc'
Using monoOptions --debugger-agent=transport=dt_socket,embedding=1,server=y,suspend=n,address=127.0.0.1:56820
Begin MonoManager ReloadAssembly
Registering precompiled unity dll's ...
Register platform support module: /Applications/Unity/Hub/Editor/2020.3.10f1/PlaybackEngines/WebGLSupport/UnityEditor.WebGL.Extensions.dll
Register platform support module: /Applications/Unity/Hub/Editor/2020.3.10f1/Unity.app/Contents/PlaybackEngines/MacStandaloneSupport/UnityEditor.OSXStandalone.Extensions.dll
Register platform support module: /Applications/Unity/Hub/Editor/2020.3.10f1/PlaybackEngines/WindowsStandaloneSupport/UnityEditor.WindowsStandalone.Extensions.dll
Registered in 0.000657 seconds.
Native extension for WindowsStandalone target not found
Native extension for OSXStandalone target not found
Native extension for WebGL target not found
Refreshing native plugins compatible for Editor in 20.59 ms, found 2 plugins.
Preloading 0 native plugins for Editor in 0.00 ms.
Mono: successfully reloaded assembly
- Completed reload, in  2.356 seconds
Platform modules already initialized, skipping
Registering precompiled user dll's ...
Registered in 0.001197 seconds.
Begin MonoManager ReloadAssembly
Native extension for WindowsStandalone target not found
Native extension for OSXStandalone target not found
Native extension for WebGL target not found
Refreshing native plugins compatible for Editor in 0.31 ms, found 2 plugins.
Preloading 0 native plugins for Editor in 0.00 ms.
Mono: successfully reloaded assembly
- Completed reload, in  0.920 seconds
Platform modules already initialized, skipping
========================================================================
Worker process is ready to serve import requests
Launching external process: /Applications/Unity/Hub/Editor/2020.3.10f1/Unity.app/Contents/Tools/UnityShaderCompiler
Launched and connected shader compiler UnityShaderCompiler after 0.01 seconds
Refreshing native plugins compatible for Editor in 0.24 ms, found 2 plugins.
Preloading 0 native plugins for Editor in 0.00 ms.
Unloading 1386 Unused Serialized files (Serialized files now loaded: 0)
System memory in use before: 139.7 MB.
System memory in use after: 139.8 MB.

Unloading 19 unused Assets to reduce memory usage. Loaded Objects now: 1819.
Total: 1.386757 ms (FindLiveObjects: 0.119176 ms CreateObjectMapping: 0.032497 ms MarkObjects: 1.175925 ms  DeleteObjects: 0.058535 ms)

========================================================================
Received Import Request.
  path: Assets/Scenes/Title Scene.unity
  artifactKey: Guid(05b85d4e6a93c44119192c04b39db8b7) Importer(815301076,1909f56bfc062723c751e8b465ee728b)
Start importing Assets/Scenes/Title Scene.unity using Guid(05b85d4e6a93c44119192c04b39db8b7) Importer(815301076,1909f56bfc062723c751e8b465ee728b)  -> (artifact id: 'f61d9ed0fda3e2bee877b1e309118c50') in 0.008674 seconds
  Import took 0.010235 seconds .

========================================================================
Received Import Request.
  Time since last request: 9.543850 seconds.
  path: Assets/Scenes/Main Scene.unity
  artifactKey: Guid(7fc598230704f48b5866c2d3b7d87a3c) Importer(815301076,1909f56bfc062723c751e8b465ee728b)
Start importing Assets/Scenes/Main Scene.unity using Guid(7fc598230704f48b5866c2d3b7d87a3c) Importer(815301076,1909f56bfc062723c751e8b465ee728b)  -> (artifact id: '36bd80837fe7db5c5702bb4d6ce5cca2') in 0.001557 seconds
  Import took 0.003170 seconds .

========================================================================
Received Import Request.
  Time since last request: 1.099188 seconds.
  path: Assets/Scenes/SampleScene.unity
  artifactKey: Guid(9fc0d4010bbf28b4594072e72b8655ab) Importer(815301076,1909f56bfc062723c751e8b465ee728b)
Start importing Assets/Scenes/SampleScene.unity using Guid(9fc0d4010bbf28b4594072e72b8655ab) Importer(815301076,1909f56bfc062723c751e8b465ee728b)  -> (artifact id: '85059f4f9e1a832ed95adaa0d25c5c4c') in 0.001079 seconds
  Import took 0.002863 seconds .

========================================================================
Received Import Request.
  Time since last request: 7.337641 seconds.
  path: Assets/Scenes/MainScene.unity
  artifactKey: Guid(7fc598230704f48b5866c2d3b7d87a3c) Importer(815301076,1909f56bfc062723c751e8b465ee728b)
Start importing Assets/Scenes/MainScene.unity using Guid(7fc598230704f48b5866c2d3b7d87a3c) Importer(815301076,1909f56bfc062723c751e8b465ee728b)  -> (artifact id: '651f35797d0e1ec26623e3e42e502885') in 0.000988 seconds
  Import took 0.002597 seconds .

========================================================================
Received Import Request.
  Time since last request: 4.867198 seconds.
  path: Assets/Scenes/Title.unity
  artifactKey: Guid(05b85d4e6a93c44119192c04b39db8b7) Importer(815301076,1909f56bfc062723c751e8b465ee728b)
Start importing Assets/Scenes/Title.unity using Guid(05b85d4e6a93c44119192c04b39db8b7) Importer(815301076,1909f56bfc062723c751e8b465ee728b)  -> (artifact id: '2aceab79358b278939b9604422290785') in 0.001020 seconds
  Import took 0.002714 seconds .

========================================================================
Received Import Request.
  Time since last request: 3.662418 seconds.
  path: Assets/Scenes/Main.unity
  artifactKey: Guid(7fc598230704f48b5866c2d3b7d87a3c) Importer(815301076,1909f56bfc062723c751e8b465ee728b)
Start importing Assets/Scenes/Main.unity using Guid(7fc598230704f48b5866c2d3b7d87a3c) Importer(815301076,1909f56bfc062723c751e8b465ee728b)  -> (artifact id: '517be2cc5d954436ec8639857ac59205') in 0.000990 seconds
  Import took 0.002958 seconds .

